{
  "RSpec": {
    "coverage": {
      "/Users/leslie/makersacademy/makersbnb/app.rb": {
        "lines": [
          1,
          1,
          1,
          1,
          null,
          1,
          1,
          0,
          null,
          null,
          1,
          null,
          1,
          0,
          null,
          null,
          1,
          3,
          3,
          null,
          null,
          1,
          1,
          null,
          null,
          1,
          1,
          1,
          null,
          null,
          1,
          null
        ]
      },
      "/Users/leslie/makersacademy/makersbnb/lib/property.rb": {
        "lines": [
          1,
          null,
          1,
          null,
          1,
          null,
          1,
          15,
          15,
          15,
          15,
          15,
          15,
          15,
          null,
          null,
          1,
          4,
          4,
          null,
          0,
          null,
          null,
          4,
          4,
          7,
          null,
          null,
          null,
          null,
          null,
          1,
          8,
          8,
          null,
          0,
          null,
          null,
          8,
          null,
          8,
          null,
          null,
          null,
          null,
          null
        ]
      },
      "/Users/leslie/makersacademy/makersbnb/spec/features/create_property_spec.rb": {
        "lines": [
          1,
          1,
          1,
          1,
          1,
          1,
          1,
          1,
          1,
          1,
          null,
          1,
          1,
          1,
          1,
          1,
          1,
          null,
          null
        ]
      },
      "/Users/leslie/makersacademy/makersbnb/spec/features/nav_spec.rb": {
        "lines": [
          1,
          1,
          1,
          null,
          1,
          1,
          1,
          1,
          null,
          null
        ]
      },
      "/Users/leslie/makersacademy/makersbnb/spec/features/view_properties_spec.rb": {
        "lines": [
          1,
          null,
          1,
          1,
          1,
          null,
          1,
          1,
          1,
          null,
          1,
          null,
          1,
          1,
          1,
          1,
          1,
          1,
          null,
          null
        ]
      },
      "/Users/leslie/makersacademy/makersbnb/spec/property_spec.rb": {
        "lines": [
          1,
          1,
          null,
          1,
          1,
          1,
          1,
          null,
          1,
          1,
          1,
          null,
          1,
          null,
          1,
          1,
          1,
          1,
          1,
          1,
          1,
          1,
          1,
          null,
          null,
          null,
          1,
          1,
          1,
          1,
          null,
          1,
          1,
          1,
          1,
          1,
          1,
          1,
          1,
          null,
          null,
          null,
          null
        ]
      },
      "/Users/leslie/makersacademy/makersbnb/spec/database_helpers.rb": {
        "lines": [
          1,
          null,
          1,
          1,
          1,
          null
        ]
      }
    },
    "timestamp": 1625094073
  }
}
